<?xml version="1.0" encoding="UTF-8"?>
<!-- Generated by org.testng.reporters.JUnitXMLReporter -->
<testsuite ignored="0" hostname="Manish" failures="1" tests="9" name="Surefire test" time="5.159" errors="0" timestamp="2023-10-29T17:36:12 IST">
  <testcase classname="com.testNgAnnotation.TestngClass2" name="bpple" time="0.005"/>
  <testcase classname="com.testNgAnnotation.TestngClass2" name="bppple" time="0.001"/>
  <testcase classname="com.testNgAnnotation.TestngClass2" name="test1" time="0.0"/>
  <testcase classname="com.testNgAnnotation.TestngClass2" name="test2" time="0.004"/>
  <testcase classname="com.testNgAnnotation.TestNgPractice" name="test1" time="0.004"/>
  <testcase classname="com.testNgAnnotation.TestNgPractice" name="test2" time="0.001"/>
  <testcase classname="TestListnerexam.TestClass" name="serahword" time="5.067"/>
  <testcase classname="TestListnerexam.TestClass" name="testfail" time="0.009">
    <failure type="java.lang.AssertionError" message="expected [true] but found [false]">
      <![CDATA[java.lang.AssertionError: expected [true] but found [false]
at TestListnerexam.TestClass.testfail(TestClass.java:30)
at java.base/java.util.ArrayList.forEach(ArrayList.java:1511)
... Removed 36 stack frames]]>
    </failure>
  </testcase> <!-- testfail -->
  <testcase classname="TestListnerexam.TestClass" name="testskip" time="0.0">
    <skipped/>
  </testcase> <!-- testskip -->
</testsuite> <!-- Surefire test -->
